<?xml version="1.0" encoding="UTF-8"?>
<!-- Generated by org.testng.reporters.JUnitReportReporter -->
<testsuite hostname="Vignesh-Laptop" failures="0" tests="3" name="org.test.Sample" time="68.501" errors="0" timestamp="21 Feb 2024 09:59:37 GMT" skipped="0">
  <testcase classname="org.test.Sample" name="tc3" time="9.328"/>
  <testcase classname="org.test.Sample" name="tc2" time="8.804"/>
  <testcase classname="org.test.Sample" name="tc1" time="50.369"/>
</testsuite> <!-- org.test.Sample -->
