<?xml version="1.0" encoding="UTF-8"?>
<!-- Generated by org.testng.reporters.JUnitReportReporter -->
<testsuite hostname="Vignesh-Laptop" failures="0" tests="3" name="org.test.Sample2" time="0.007" errors="0" timestamp="22 Feb 2024 05:05:45 GMT" skipped="0">
  <testcase classname="org.test.Sample2" name="tc6" time="0.003"/>
  <testcase classname="org.test.Sample2" name="tc4" time="0.002"/>
  <testcase classname="org.test.Sample2" name="tc5" time="0.002"/>
</testsuite> <!-- org.test.Sample2 -->
