<?xml version="1.0" encoding="UTF-8"?>
<!-- Generated by org.testng.reporters.JUnitReportReporter -->
<testsuite hostname="Vignesh-Laptop" failures="0" tests="3" name="org.test.Parameter" time="30.679" errors="0" timestamp="22 Feb 2024 05:27:09 GMT" skipped="0">
  <testcase classname="org.test.Parameter" name="tc3" time="8.864"/>
  <testcase classname="org.test.Parameter" name="tc1" time="12.256"/>
  <testcase classname="org.test.Parameter" name="tc2" time="9.559"/>
</testsuite> <!-- org.test.Parameter -->
