<?xml version="1.0" encoding="UTF-8"?>
<!-- Generated by org.testng.reporters.JUnitReportReporter -->
<testsuite hostname="Vignesh-Laptop" failures="0" tests="5" name="org.test.DataProvide" time="15.835" errors="0" timestamp="22 Feb 2024 07:24:16 GMT" skipped="0">
  <testcase classname="org.test.DataProvide" name="tc2" time="0.014"/>
  <testcase classname="org.test.DataProvide" name="tc3" time="13.136"/>
  <testcase classname="org.test.DataProvide" name="tc3" time="1.226"/>
  <testcase classname="org.test.DataProvide" name="tc3" time="1.332"/>
  <testcase classname="org.test.DataProvide" name="tc1" time="0.127"/>
</testsuite> <!-- org.test.DataProvide -->
