<?xml version="1.0" encoding="UTF-8"?>
<!-- Generated by org.testng.reporters.JUnitReportReporter -->
<testsuite hostname="Vignesh-Laptop" failures="0" tests="3" name="org.test.Sample1" time="0.014" errors="0" timestamp="22 Feb 2024 05:05:45 GMT" skipped="0">
  <testcase classname="org.test.Sample1" name="tc2" time="0.002"/>
  <testcase classname="org.test.Sample1" name="tc3" time="0.010"/>
  <testcase classname="org.test.Sample1" name="tc1" time="0.002"/>
</testsuite> <!-- org.test.Sample1 -->
