<?xml version="1.0" encoding="UTF-8"?>
<!-- Generated by org.testng.reporters.JUnitReportReporter -->
<testsuite hostname="Vignesh-Laptop" failures="0" tests="2" name="org.test.Group" time="0.008" errors="0" timestamp="22 Feb 2024 09:36:16 GMT" skipped="0">
  <testcase classname="org.test.Group" name="tc2" time="0.004"/>
  <testcase classname="org.test.Group" name="tc1" time="0.004"/>
</testsuite> <!-- org.test.Group -->
