<?xml version="1.0" encoding="UTF-8"?>
<!-- Generated by org.testng.reporters.JUnitReportReporter -->
<testsuite hostname="Vignesh-Laptop" failures="0" tests="3" name="org.test.Sample3" time="0.018" errors="0" timestamp="22 Feb 2024 05:05:45 GMT" skipped="0">
  <testcase classname="org.test.Sample3" name="tc8" time="0.001"/>
  <testcase classname="org.test.Sample3" name="tc9" time="0.002"/>
  <testcase classname="org.test.Sample3" name="tc7" time="0.015"/>
</testsuite> <!-- org.test.Sample3 -->
