<?xml version="1.0" encoding="UTF-8"?>
<!-- Generated by org.testng.reporters.JUnitReportReporter -->
<testsuite hostname="Vignesh-Laptop" failures="0" tests="1" name="org.test.Group1" time="0.018" errors="0" timestamp="22 Feb 2024 09:36:16 GMT" skipped="0">
  <testcase classname="org.test.Group1" name="tc4" time="0.018"/>
</testsuite> <!-- org.test.Group1 -->
