<?xml version="1.0" encoding="UTF-8"?>
<!-- Generated by org.testng.reporters.JUnitReportReporter -->
<testsuite hostname="Vignesh-Laptop" failures="0" tests="6" name="org.test.Priority" time="117.188" errors="0" timestamp="22 Feb 2024 04:56:39 GMT" skipped="1">
  <testcase classname="org.test.Priority" name="tc1" time="63.766"/>
  <testcase classname="org.test.Priority" name="tc2" time="14.754"/>
  <testcase classname="org.test.Priority" name="tc3" time="11.545"/>
  <testcase classname="org.test.Priority" name="tc3" time="13.692"/>
  <testcase classname="org.test.Priority" name="tc3" time="13.431"/>
  <testcase classname="org.test.Priority" name="tc4">
    <skipped/>
  </testcase> <!-- tc4 -->
</testsuite> <!-- org.test.Priority -->
